<?xml version="1.0" encoding="UTF-8"?>
<!-- Generated by org.testng.reporters.JUnitReportReporter -->
<testsuite skipped="0" hostname="Sujon" name="test.NewAccountTest" tests="1" failures="0" timestamp="2020-05-03T20:10:56 CDT" time="12.588" errors="0">
  <testcase name="AddANewContact" time="12.588" classname="test.NewAccountTest"/>
  <system-out/>
</testsuite> <!-- test.NewAccountTest -->
