<?xml version="1.0" encoding="UTF-8"?>
<!-- Generated by org.testng.reporters.JUnitReportReporter -->
<testsuite skipped="0" hostname="Sujon" name="test.AddContactTest" tests="1" failures="0" timestamp="2020-05-21T11:39:00 CDT" time="33.754" errors="0">
  <testcase name="usersShouldBeAbleToAddContact" time="33.754" classname="test.AddContactTest"/>
  <system-out/>
</testsuite> <!-- test.AddContactTest -->
