<?xml version="1.0" encoding="UTF-8"?>
<!-- Generated by org.testng.reporters.JUnitReportReporter -->
<testsuite skipped="0" hostname="Sujon" name="test.LoginTest" tests="1" failures="0" timestamp="2020-06-20T22:32:01 CDT" time="4.324" errors="0">
  <testcase name="validUsersShouldBeAbleToLogin" time="4.324" classname="test.LoginTest"/>
  <system-out/>
</testsuite> <!-- test.LoginTest -->
